F:\GIT\WYSIWYG\DEBUG.WIN32\WYSIWYG.WIN32.EXE
F:\GIT\WYSIWYG\DEBUG.WIN32\WYSIWYG.WIN32.ILK
F:\GIT\WYSIWYG\DEBUG.WIN32\WYSIWYG.WIN32.PDB
F:\GIT\WYSIWYG\WYSIWYG\PROJ.WIN32\DEBUG.WIN32\APPDELEGATE.OBJ
F:\git\wysiwyg\wysiwyg\proj.win32\Debug.win32\cl.command.1.tlog
F:\git\wysiwyg\wysiwyg\proj.win32\Debug.win32\CL.read.1.tlog
F:\git\wysiwyg\wysiwyg\proj.win32\Debug.win32\CL.write.1.tlog
F:\GIT\WYSIWYG\WYSIWYG\PROJ.WIN32\DEBUG.WIN32\GAMESCENE.OBJ
F:\git\wysiwyg\wysiwyg\proj.win32\Debug.win32\link.command.1.tlog
F:\git\wysiwyg\wysiwyg\proj.win32\Debug.win32\link.read.1.tlog
F:\git\wysiwyg\wysiwyg\proj.win32\Debug.win32\link.write.1.tlog
F:\git\wysiwyg\wysiwyg\proj.win32\Debug.win32\link-cvtres.read.1.tlog
F:\git\wysiwyg\wysiwyg\proj.win32\Debug.win32\link-cvtres.write.1.tlog
F:\GIT\WYSIWYG\WYSIWYG\PROJ.WIN32\DEBUG.WIN32\MAIN.OBJ
F:\GIT\WYSIWYG\WYSIWYG\PROJ.WIN32\DEBUG.WIN32\MAINMENUSCENE.OBJ
F:\git\wysiwyg\wysiwyg\proj.win32\Debug.win32\mt.command.1.tlog
F:\git\wysiwyg\wysiwyg\proj.win32\Debug.win32\mt.read.1.tlog
F:\git\wysiwyg\wysiwyg\proj.win32\Debug.win32\mt.write.1.tlog
F:\git\wysiwyg\wysiwyg\proj.win32\Debug.win32\rc.command.1.tlog
F:\git\wysiwyg\wysiwyg\proj.win32\Debug.win32\rc.read.1.tlog
F:\git\wysiwyg\wysiwyg\proj.win32\Debug.win32\rc.write.1.tlog
F:\git\wysiwyg\wysiwyg\proj.win32\Debug.win32\vc100.idb
F:\GIT\WYSIWYG\WYSIWYG\PROJ.WIN32\DEBUG.WIN32\VC100.PDB
F:\GIT\WYSIWYG\WYSIWYG\PROJ.WIN32\DEBUG.WIN32\WYSIWYG.RES
F:\GIT\WYSIWYG\WYSIWYG\PROJ.WIN32\DEBUG.WIN32\WYSIWYG.WIN32.EXE.EMBED.MANIFEST
F:\GIT\WYSIWYG\WYSIWYG\PROJ.WIN32\DEBUG.WIN32\WYSIWYG.WIN32.EXE.EMBED.MANIFEST.RES
F:\GIT\WYSIWYG\WYSIWYG\PROJ.WIN32\DEBUG.WIN32\WYSIWYG.WIN32.EXE.INTERMEDIATE.MANIFEST
F:\git\wysiwyg\wysiwyg\proj.win32\Debug.win32\wysiwyg.win32_manifest.rc
